Base path: /Applications/Unity/Unity.app/Contents
Pipe name: \\.\pipe\UnityShaderCompiler-1--1584340568
Cmd: getPlatforms
Cmd: preprocess
  insize=1605 outsize=1080 ok=1
Cmd: compileSnippet
  api=0 type=0 insize=861 outsize=488 kw=SHADOWS_DEPTH ok=1
Cmd: compileSnippet
  api=0 type=1 insize=861 outsize=237 kw=SHADOWS_DEPTH ok=1
Cmd: preprocess
  insize=1704 outsize=1176 ok=1
Cmd: compileSnippet
  api=0 type=0 insize=861 outsize=488 kw=SHADOWS_DEPTH ok=1
Cmd: compileSnippet
  api=0 type=1 insize=861 outsize=237 kw=SHADOWS_DEPTH ok=1
Cmd: compileSnippet
  api=5 type=0 insize=861 outsize=940 kw=SHADOWS_DEPTH ok=1
Cmd: compileSnippet
  api=5 type=0 insize=861 outsize=1139 kw=SHADOWS_CUBE ok=1
Cmd: compileSnippet
  api=9 type=0 insize=861 outsize=1158 kw=SHADOWS_CUBE ok=1
Cmd: compileSnippet
  api=5 type=1 insize=861 outsize=6 kw=SHADOWS_DEPTH ok=1
Cmd: compileSnippet
  api=5 type=1 insize=861 outsize=6 kw=SHADOWS_CUBE ok=1
